[debug] [2023-02-23T10:24:44.391Z] ----------------------------------------------------------------------
[debug] [2023-02-23T10:24:44.392Z] Command:       C:\Program Files\nodejs\node.exe C:\Users\Sameer\node_modules\firebase-tools\lib\bin\firebase.js deploy
[debug] [2023-02-23T10:24:44.393Z] CLI Version:   11.23.1
[debug] [2023-02-23T10:24:44.393Z] Platform:      win32
[debug] [2023-02-23T10:24:44.393Z] Node Version:  v16.17.1
[debug] [2023-02-23T10:24:44.394Z] Time:          Thu Feb 23 2023 15:24:44 GMT+0500 (Pakistan Standard Time)
[debug] [2023-02-23T10:24:44.394Z] ----------------------------------------------------------------------
[debug] 
[debug] [2023-02-23T10:24:44.463Z] > command requires scopes: ["email","openid","https://www.googleapis.com/auth/cloudplatformprojects.readonly","https://www.googleapis.com/auth/firebase","https://www.googleapis.com/auth/cloud-platform"]
[debug] [2023-02-23T10:24:44.463Z] > authorizing via signed-in user (muhammad.sameer@saee.sa)
[debug] [2023-02-23T10:24:44.463Z] [iam] checking project obgheartcare for permissions ["firebase.projects.get","firebasehosting.sites.update"]
[debug] [2023-02-23T10:24:44.465Z] > refreshing access token with scopes: []
[debug] [2023-02-23T10:24:44.467Z] >>> [apiv2][query] POST https://www.googleapis.com/oauth2/v3/token [none]
[debug] [2023-02-23T10:24:44.467Z] >>> [apiv2][body] POST https://www.googleapis.com/oauth2/v3/token [omitted]
[debug] [2023-02-23T10:24:44.896Z] <<< [apiv2][status] POST https://www.googleapis.com/oauth2/v3/token 200
[debug] [2023-02-23T10:24:44.896Z] <<< [apiv2][body] POST https://www.googleapis.com/oauth2/v3/token [omitted]
[debug] [2023-02-23T10:24:44.903Z] >>> [apiv2][query] POST https://cloudresourcemanager.googleapis.com/v1/projects/obgheartcare:testIamPermissions [none]
[debug] [2023-02-23T10:24:44.903Z] >>> [apiv2][(partial)header] POST https://cloudresourcemanager.googleapis.com/v1/projects/obgheartcare:testIamPermissions x-goog-quota-user=projects/obgheartcare
[debug] [2023-02-23T10:24:44.904Z] >>> [apiv2][body] POST https://cloudresourcemanager.googleapis.com/v1/projects/obgheartcare:testIamPermissions {"permissions":["firebase.projects.get","firebasehosting.sites.update"]}
[debug] [2023-02-23T10:24:46.504Z] <<< [apiv2][status] POST https://cloudresourcemanager.googleapis.com/v1/projects/obgheartcare:testIamPermissions 200
[debug] [2023-02-23T10:24:46.504Z] <<< [apiv2][body] POST https://cloudresourcemanager.googleapis.com/v1/projects/obgheartcare:testIamPermissions {}
[debug] [2023-02-23T10:24:46.504Z] [iam] error while checking permissions, command may fail: FirebaseError: Authorization failed. This account is missing the following required permissions on project obgheartcare:

  firebase.projects.get
  firebasehosting.sites.update
[debug] [2023-02-23T10:24:46.506Z] >>> [apiv2][query] GET https://firebase.googleapis.com/v1beta1/projects/obgheartcare [none]
[debug] [2023-02-23T10:24:47.056Z] <<< [apiv2][status] GET https://firebase.googleapis.com/v1beta1/projects/obgheartcare 403
[debug] [2023-02-23T10:24:47.056Z] <<< [apiv2][body] GET https://firebase.googleapis.com/v1beta1/projects/obgheartcare {"error":{"code":403,"message":"The caller does not have permission","status":"PERMISSION_DENIED"}}
[debug] [2023-02-23T10:24:47.057Z] HTTP Error: 403, The caller does not have permission
[debug] [2023-02-23T10:24:47.454Z] FirebaseError: HTTP Error: 403, The caller does not have permission
    at responseToError (C:\Users\Sameer\node_modules\firebase-tools\lib\responseToError.js:49:12)
    at RetryOperation._fn (C:\Users\Sameer\node_modules\firebase-tools\lib\apiv2.js:288:77)
    at processTicksAndRejections (node:internal/process/task_queues:96:5)
[error] 
[error] Error: Failed to get Firebase project obgheartcare. Please make sure the project exists and your account has permission to access it.
